<?xml version="1.0" encoding="UTF-8"?>
<testng-results ignored="6" total="7" passed="0" failed="1" skipped="0">
  <reporter-output>
  </reporter-output>
  <suite started-at="2024-02-13T16:54:15 IST" name="Default suite" finished-at="2024-02-13T16:54:31 IST" duration-ms="15983">
    <groups>
      <group name="candidateLogin">
        <method signature="Login.invalidLoginBlankFields()[pri:0, instance:zenkenIndia.candidate.Login@1b2abca6]" name="invalidLoginBlankFields" class="zenkenIndia.candidate.Login"/>
      </group> <!-- candidateLogin -->
    </groups>
    <test started-at="2024-02-13T16:54:15 IST" name="Default test" finished-at="2024-02-13T16:54:31 IST" duration-ms="15983">
      <class name="zenkenIndia.candidate.Login">
        <test-method is-config="true" signature="launchCandidateApp()[pri:0, instance:zenkenIndia.candidate.Login@1b2abca6]" started-at="2024-02-13T16:54:15 IST" name="launchCandidateApp" finished-at="2024-02-13T16:54:20 IST" duration-ms="4696" status="PASS">
          <reporter-output>
          </reporter-output>
        </test-method> <!-- launchCandidateApp -->
        <test-method is-config="true" signature="launchCompanyApp()[pri:0, instance:zenkenIndia.candidate.Login@1b2abca6]" started-at="2024-02-13T16:54:20 IST" name="launchCompanyApp" finished-at="2024-02-13T16:54:28 IST" duration-ms="8333" status="PASS">
          <reporter-output>
          </reporter-output>
        </test-method> <!-- launchCompanyApp -->
        <test-method signature="invalidLoginBlankFields()[pri:0, instance:zenkenIndia.candidate.Login@1b2abca6]" started-at="2024-02-13T16:54:28 IST" name="invalidLoginBlankFields" finished-at="2024-02-13T16:54:31 IST" duration-ms="2747" status="FAIL">
          <exception class="java.lang.AssertionError">
            <message>
              <![CDATA[expected [The email field is required..] but found [The email field is required.]]]>
            </message>
            <full-stacktrace>
              <![CDATA[java.lang.AssertionError: expected [The email field is required..] but found [The email field is required.]
at org.testng.Assert.fail(Assert.java:99)
at org.testng.Assert.failNotEquals(Assert.java:1037)
at org.testng.Assert.assertEqualsImpl(Assert.java:140)
at org.testng.Assert.assertEquals(Assert.java:122)
at org.testng.Assert.assertEquals(Assert.java:629)
at org.testng.Assert.assertEquals(Assert.java:639)
at zenkenIndia.candidate.Login.invalidLoginBlankFields(Login.java:22)
at java.base/jdk.internal.reflect.NativeMethodAccessorImpl.invoke0(Native Method)
at java.base/jdk.internal.reflect.NativeMethodAccessorImpl.invoke(NativeMethodAccessorImpl.java:77)
at java.base/jdk.internal.reflect.DelegatingMethodAccessorImpl.invoke(DelegatingMethodAccessorImpl.java:43)
at java.base/java.lang.reflect.Method.invoke(Method.java:568)
at org.testng.internal.MethodInvocationHelper.invokeMethod(MethodInvocationHelper.java:133)
at org.testng.internal.TestInvoker.invokeMethod(TestInvoker.java:598)
at org.testng.internal.TestInvoker.invokeTestMethod(TestInvoker.java:173)
at org.testng.internal.MethodRunner.runInSequence(MethodRunner.java:46)
at org.testng.internal.TestInvoker$MethodInvocationAgent.invoke(TestInvoker.java:824)
at org.testng.internal.TestInvoker.invokeTestMethods(TestInvoker.java:146)
at org.testng.internal.TestMethodWorker.invokeTestMethods(TestMethodWorker.java:146)
at org.testng.internal.TestMethodWorker.run(TestMethodWorker.java:128)
at java.base/java.util.ArrayList.forEach(ArrayList.java:1511)
at org.testng.TestRunner.privateRun(TestRunner.java:794)
at org.testng.TestRunner.run(TestRunner.java:596)
at org.testng.SuiteRunner.runTest(SuiteRunner.java:377)
at org.testng.SuiteRunner.runSequentially(SuiteRunner.java:371)
at org.testng.SuiteRunner.privateRun(SuiteRunner.java:332)
at org.testng.SuiteRunner.run(SuiteRunner.java:276)
at org.testng.SuiteRunnerWorker.runSuite(SuiteRunnerWorker.java:53)
at org.testng.SuiteRunnerWorker.run(SuiteRunnerWorker.java:96)
at org.testng.TestNG.runSuitesSequentially(TestNG.java:1212)
at org.testng.TestNG.runSuitesLocally(TestNG.java:1134)
at org.testng.TestNG.runSuites(TestNG.java:1063)
at org.testng.TestNG.run(TestNG.java:1031)
at org.testng.remote.AbstractRemoteTestNG.run(AbstractRemoteTestNG.java:115)
at org.testng.remote.RemoteTestNG.initAndRun(RemoteTestNG.java:251)
at org.testng.remote.RemoteTestNG.main(RemoteTestNG.java:77)
]]>
            </full-stacktrace>
          </exception> <!-- java.lang.AssertionError -->
          <reporter-output>
          </reporter-output>
        </test-method> <!-- invalidLoginBlankFields -->
        <test-method is-config="true" signature="terminate()[pri:0, instance:zenkenIndia.candidate.Login@1b2abca6]" started-at="2024-02-13T16:54:31 IST" name="terminate" finished-at="2024-02-13T16:54:31 IST" duration-ms="175" status="PASS">
          <reporter-output>
          </reporter-output>
        </test-method> <!-- terminate -->
      </class> <!-- zenkenIndia.candidate.Login -->
    </test> <!-- Default test -->
  </suite> <!-- Default suite -->
</testng-results>
